ERROR - 2023-12-01 00:37:58 --> Error connecting to the database: mysqli_sql_exception: No connection could be made because the target machine actively refused it in C:\xampp\htdocs\dashboard_statof\vendor\codeigniter4\framework\system\Database\MySQLi\Connection.php:184
Stack trace:
#0 C:\xampp\htdocs\dashboard_statof\vendor\codeigniter4\framework\system\Database\MySQLi\Connection.php(184): mysqli->real_connect('127.0.0.1', 'root', Object(SensitiveParameterValue), 'data-kota-salat...', 3306, '', 0)
#1 C:\xampp\htdocs\dashboard_statof\vendor\codeigniter4\framework\system\Database\BaseConnection.php(392): CodeIgniter\Database\MySQLi\Connection->connect(false)
#2 C:\xampp\htdocs\dashboard_statof\vendor\codeigniter4\framework\system\Database\BaseConnection.php(575): CodeIgniter\Database\BaseConnection->initialize()
#3 C:\xampp\htdocs\dashboard_statof\vendor\codeigniter4\framework\system\Database\BaseBuilder.php(1615): CodeIgniter\Database\BaseConnection->query('SELECT *\nFROM `...', Array, false)
#4 C:\xampp\htdocs\dashboard_statof\vendor\codeigniter4\framework\system\Model.php(237): CodeIgniter\Database\BaseBuilder->get()
#5 C:\xampp\htdocs\dashboard_statof\vendor\codeigniter4\framework\system\BaseModel.php(624): CodeIgniter\Model->doFindAll(0, 0)
#6 C:\xampp\htdocs\dashboard_statof\app\Controllers\Home.php(13): CodeIgniter\BaseModel->findAll()
#7 C:\xampp\htdocs\dashboard_statof\vendor\codeigniter4\framework\system\CodeIgniter.php(942): App\Controllers\Home->index()
#8 C:\xampp\htdocs\dashboard_statof\vendor\codeigniter4\framework\system\CodeIgniter.php(502): CodeIgniter\CodeIgniter->runController(Object(App\Controllers\Home))
#9 C:\xampp\htdocs\dashboard_statof\vendor\codeigniter4\framework\system\CodeIgniter.php(361): CodeIgniter\CodeIgniter->handleRequest(NULL, Object(Config\Cache), false)
#10 C:\xampp\htdocs\dashboard_statof\public\index.php(79): CodeIgniter\CodeIgniter->run()
#11 C:\xampp\htdocs\dashboard_statof\vendor\codeigniter4\framework\system\Commands\Server\rewrite.php(47): require_once('C:\\xampp\\htdocs...')
#12 {main}

Next CodeIgniter\Database\Exceptions\DatabaseException: No connection could be made because the target machine actively refused it in C:\xampp\htdocs\dashboard_statof\vendor\codeigniter4\framework\system\Database\MySQLi\Connection.php:229
Stack trace:
#0 C:\xampp\htdocs\dashboard_statof\vendor\codeigniter4\framework\system\Database\BaseConnection.php(392): CodeIgniter\Database\MySQLi\Connection->connect(false)
#1 C:\xampp\htdocs\dashboard_statof\vendor\codeigniter4\framework\system\Database\BaseConnection.php(575): CodeIgniter\Database\BaseConnection->initialize()
#2 C:\xampp\htdocs\dashboard_statof\vendor\codeigniter4\framework\system\Database\BaseBuilder.php(1615): CodeIgniter\Database\BaseConnection->query('SELECT *\nFROM `...', Array, false)
#3 C:\xampp\htdocs\dashboard_statof\vendor\codeigniter4\framework\system\Model.php(237): CodeIgniter\Database\BaseBuilder->get()
#4 C:\xampp\htdocs\dashboard_statof\vendor\codeigniter4\framework\system\BaseModel.php(624): CodeIgniter\Model->doFindAll(0, 0)
#5 C:\xampp\htdocs\dashboard_statof\app\Controllers\Home.php(13): CodeIgniter\BaseModel->findAll()
#6 C:\xampp\htdocs\dashboard_statof\vendor\codeigniter4\framework\system\CodeIgniter.php(942): App\Controllers\Home->index()
#7 C:\xampp\htdocs\dashboard_statof\vendor\codeigniter4\framework\system\CodeIgniter.php(502): CodeIgniter\CodeIgniter->runController(Object(App\Controllers\Home))
#8 C:\xampp\htdocs\dashboard_statof\vendor\codeigniter4\framework\system\CodeIgniter.php(361): CodeIgniter\CodeIgniter->handleRequest(NULL, Object(Config\Cache), false)
#9 C:\xampp\htdocs\dashboard_statof\public\index.php(79): CodeIgniter\CodeIgniter->run()
#10 C:\xampp\htdocs\dashboard_statof\vendor\codeigniter4\framework\system\Commands\Server\rewrite.php(47): require_once('C:\\xampp\\htdocs...')
#11 {main}
CRITICAL - 2023-12-01 00:37:58 --> Unable to connect to the database.
Main connection [MySQLi]: No connection could be made because the target machine actively refused it
in SYSTEMPATH\Database\BaseConnection.php on line 428.
 1 SYSTEMPATH\Database\BaseConnection.php(575): CodeIgniter\Database\BaseConnection->initialize()
 2 SYSTEMPATH\Database\BaseBuilder.php(1615): CodeIgniter\Database\BaseConnection->query('SELECT *
FROM `kepadatan_penduduk`', [], false)
 3 SYSTEMPATH\Model.php(237): CodeIgniter\Database\BaseBuilder->get()
 4 SYSTEMPATH\BaseModel.php(624): CodeIgniter\Model->doFindAll(0, 0)
 5 APPPATH\Controllers\Home.php(13): CodeIgniter\BaseModel->findAll()
 6 SYSTEMPATH\CodeIgniter.php(942): App\Controllers\Home->index()
 7 SYSTEMPATH\CodeIgniter.php(502): CodeIgniter\CodeIgniter->runController(Object(App\Controllers\Home))
 8 SYSTEMPATH\CodeIgniter.php(361): CodeIgniter\CodeIgniter->handleRequest(null, Object(Config\Cache), false)
 9 FCPATH\index.php(79): CodeIgniter\CodeIgniter->run()
10 SYSTEMPATH\Commands\Server\rewrite.php(47): require_once('C:\\xampp\\htdocs\\dashboard_statof\\public\\index.php')
CRITICAL - 2023-12-01 06:51:44 --> Undefined property: stdClass::$Kepadatan
in APPPATH\Views\table_kepadatan.php on line 56.
 1 APPPATH\Views\table_kepadatan.php(56): CodeIgniter\Debug\Exceptions->errorHandler(2, 'Undefined property: stdClass::$Kepadatan', 'C:\\xampp\\htdocs\\dashboard_statof\\app\\Views\\table_kepadatan.php', 56)
 2 SYSTEMPATH\View\View.php(228): include('C:\\xampp\\htdocs\\dashboard_statof\\app\\Views\\table_kepadatan.php')
 3 SYSTEMPATH\View\View.php(231): CodeIgniter\View\View->CodeIgniter\View\{closure}()
 4 SYSTEMPATH\Common.php(1190): CodeIgniter\View\View->render('table_kepadatan', [], true)
 5 APPPATH\Controllers\Home.php(44): view('table_kepadatan', [...])
 6 SYSTEMPATH\CodeIgniter.php(942): App\Controllers\Home->table_angkaharapanhidup()
 7 SYSTEMPATH\CodeIgniter.php(502): CodeIgniter\CodeIgniter->runController(Object(App\Controllers\Home))
 8 SYSTEMPATH\CodeIgniter.php(361): CodeIgniter\CodeIgniter->handleRequest(null, Object(Config\Cache), false)
 9 FCPATH\index.php(79): CodeIgniter\CodeIgniter->run()
10 SYSTEMPATH\Commands\Server\rewrite.php(47): require_once('C:\\xampp\\htdocs\\dashboard_statof\\public\\index.php')
CRITICAL - 2023-12-01 06:53:18 --> Undefined property: stdClass::$Kepadatan
in APPPATH\Views\table_kepadatan.php on line 56.
 1 APPPATH\Views\table_kepadatan.php(56): CodeIgniter\Debug\Exceptions->errorHandler(2, 'Undefined property: stdClass::$Kepadatan', 'C:\\xampp\\htdocs\\dashboard_statof\\app\\Views\\table_kepadatan.php', 56)
 2 SYSTEMPATH\View\View.php(228): include('C:\\xampp\\htdocs\\dashboard_statof\\app\\Views\\table_kepadatan.php')
 3 SYSTEMPATH\View\View.php(231): CodeIgniter\View\View->CodeIgniter\View\{closure}()
 4 SYSTEMPATH\Common.php(1190): CodeIgniter\View\View->render('table_kepadatan', [], true)
 5 APPPATH\Controllers\Home.php(44): view('table_kepadatan', [...])
 6 SYSTEMPATH\CodeIgniter.php(942): App\Controllers\Home->table_angkaharapanhidup()
 7 SYSTEMPATH\CodeIgniter.php(502): CodeIgniter\CodeIgniter->runController(Object(App\Controllers\Home))
 8 SYSTEMPATH\CodeIgniter.php(361): CodeIgniter\CodeIgniter->handleRequest(null, Object(Config\Cache), false)
 9 FCPATH\index.php(79): CodeIgniter\CodeIgniter->run()
10 SYSTEMPATH\Commands\Server\rewrite.php(47): require_once('C:\\xampp\\htdocs\\dashboard_statof\\public\\index.php')
CRITICAL - 2023-12-01 06:53:21 --> Undefined property: stdClass::$Kepadatan
in APPPATH\Views\table_kepadatan.php on line 56.
 1 APPPATH\Views\table_kepadatan.php(56): CodeIgniter\Debug\Exceptions->errorHandler(2, 'Undefined property: stdClass::$Kepadatan', 'C:\\xampp\\htdocs\\dashboard_statof\\app\\Views\\table_kepadatan.php', 56)
 2 SYSTEMPATH\View\View.php(228): include('C:\\xampp\\htdocs\\dashboard_statof\\app\\Views\\table_kepadatan.php')
 3 SYSTEMPATH\View\View.php(231): CodeIgniter\View\View->CodeIgniter\View\{closure}()
 4 SYSTEMPATH\Common.php(1190): CodeIgniter\View\View->render('table_kepadatan', [], true)
 5 APPPATH\Controllers\Home.php(44): view('table_kepadatan', [...])
 6 SYSTEMPATH\CodeIgniter.php(942): App\Controllers\Home->table_angkaharapanhidup()
 7 SYSTEMPATH\CodeIgniter.php(502): CodeIgniter\CodeIgniter->runController(Object(App\Controllers\Home))
 8 SYSTEMPATH\CodeIgniter.php(361): CodeIgniter\CodeIgniter->handleRequest(null, Object(Config\Cache), false)
 9 FCPATH\index.php(79): CodeIgniter\CodeIgniter->run()
10 SYSTEMPATH\Commands\Server\rewrite.php(47): require_once('C:\\xampp\\htdocs\\dashboard_statof\\public\\index.php')
CRITICAL - 2023-12-01 06:53:26 --> Undefined property: stdClass::$Kepadatan
in APPPATH\Views\table_kepadatan.php on line 56.
 1 APPPATH\Views\table_kepadatan.php(56): CodeIgniter\Debug\Exceptions->errorHandler(2, 'Undefined property: stdClass::$Kepadatan', 'C:\\xampp\\htdocs\\dashboard_statof\\app\\Views\\table_kepadatan.php', 56)
 2 SYSTEMPATH\View\View.php(228): include('C:\\xampp\\htdocs\\dashboard_statof\\app\\Views\\table_kepadatan.php')
 3 SYSTEMPATH\View\View.php(231): CodeIgniter\View\View->CodeIgniter\View\{closure}()
 4 SYSTEMPATH\Common.php(1190): CodeIgniter\View\View->render('table_kepadatan', [], true)
 5 APPPATH\Controllers\Home.php(44): view('table_kepadatan', [...])
 6 SYSTEMPATH\CodeIgniter.php(942): App\Controllers\Home->table_angkaharapanhidup()
 7 SYSTEMPATH\CodeIgniter.php(502): CodeIgniter\CodeIgniter->runController(Object(App\Controllers\Home))
 8 SYSTEMPATH\CodeIgniter.php(361): CodeIgniter\CodeIgniter->handleRequest(null, Object(Config\Cache), false)
 9 FCPATH\index.php(79): CodeIgniter\CodeIgniter->run()
10 SYSTEMPATH\Commands\Server\rewrite.php(47): require_once('C:\\xampp\\htdocs\\dashboard_statof\\public\\index.php')
CRITICAL - 2023-12-01 06:53:54 --> Undefined property: stdClass::$Kepadatan
in APPPATH\Views\table_kepadatan.php on line 56.
 1 APPPATH\Views\table_kepadatan.php(56): CodeIgniter\Debug\Exceptions->errorHandler(2, 'Undefined property: stdClass::$Kepadatan', 'C:\\xampp\\htdocs\\dashboard_statof\\app\\Views\\table_kepadatan.php', 56)
 2 SYSTEMPATH\View\View.php(228): include('C:\\xampp\\htdocs\\dashboard_statof\\app\\Views\\table_kepadatan.php')
 3 SYSTEMPATH\View\View.php(231): CodeIgniter\View\View->CodeIgniter\View\{closure}()
 4 SYSTEMPATH\Common.php(1190): CodeIgniter\View\View->render('table_kepadatan', [], true)
 5 APPPATH\Controllers\Home.php(44): view('table_kepadatan', [...])
 6 SYSTEMPATH\CodeIgniter.php(942): App\Controllers\Home->table_angkaharapanhidup()
 7 SYSTEMPATH\CodeIgniter.php(502): CodeIgniter\CodeIgniter->runController(Object(App\Controllers\Home))
 8 SYSTEMPATH\CodeIgniter.php(361): CodeIgniter\CodeIgniter->handleRequest(null, Object(Config\Cache), false)
 9 FCPATH\index.php(79): CodeIgniter\CodeIgniter->run()
10 SYSTEMPATH\Commands\Server\rewrite.php(47): require_once('C:\\xampp\\htdocs\\dashboard_statof\\public\\index.php')
CRITICAL - 2023-12-01 06:54:56 --> Undefined property: stdClass::$Kepadatan
in APPPATH\Views\table_kepadatan.php on line 56.
 1 APPPATH\Views\table_kepadatan.php(56): CodeIgniter\Debug\Exceptions->errorHandler(2, 'Undefined property: stdClass::$Kepadatan', 'C:\\xampp\\htdocs\\dashboard_statof\\app\\Views\\table_kepadatan.php', 56)
 2 SYSTEMPATH\View\View.php(228): include('C:\\xampp\\htdocs\\dashboard_statof\\app\\Views\\table_kepadatan.php')
 3 SYSTEMPATH\View\View.php(231): CodeIgniter\View\View->CodeIgniter\View\{closure}()
 4 SYSTEMPATH\Common.php(1190): CodeIgniter\View\View->render('table_kepadatan', [], true)
 5 APPPATH\Controllers\Home.php(44): view('table_kepadatan', [...])
 6 SYSTEMPATH\CodeIgniter.php(942): App\Controllers\Home->table_angkaharapanhidup()
 7 SYSTEMPATH\CodeIgniter.php(502): CodeIgniter\CodeIgniter->runController(Object(App\Controllers\Home))
 8 SYSTEMPATH\CodeIgniter.php(361): CodeIgniter\CodeIgniter->handleRequest(null, Object(Config\Cache), false)
 9 FCPATH\index.php(79): CodeIgniter\CodeIgniter->run()
10 SYSTEMPATH\Commands\Server\rewrite.php(47): require_once('C:\\xampp\\htdocs\\dashboard_statof\\public\\index.php')
CRITICAL - 2023-12-01 06:56:18 --> Undefined property: stdClass::$keterangan
in APPPATH\Views\table_angkaharapanhidup.php on line 56.
 1 APPPATH\Views\table_angkaharapanhidup.php(56): CodeIgniter\Debug\Exceptions->errorHandler(2, 'Undefined property: stdClass::$keterangan', 'C:\\xampp\\htdocs\\dashboard_statof\\app\\Views\\table_angkaharapanhidup.php', 56)
 2 SYSTEMPATH\View\View.php(228): include('C:\\xampp\\htdocs\\dashboard_statof\\app\\Views\\table_angkaharapanhidup.php')
 3 SYSTEMPATH\View\View.php(231): CodeIgniter\View\View->CodeIgniter\View\{closure}()
 4 SYSTEMPATH\Common.php(1190): CodeIgniter\View\View->render('table_angkaharapanhidup', [], true)
 5 APPPATH\Controllers\Home.php(44): view('table_angkaharapanhidup', [...])
 6 SYSTEMPATH\CodeIgniter.php(942): App\Controllers\Home->table_angkaharapanhidup()
 7 SYSTEMPATH\CodeIgniter.php(502): CodeIgniter\CodeIgniter->runController(Object(App\Controllers\Home))
 8 SYSTEMPATH\CodeIgniter.php(361): CodeIgniter\CodeIgniter->handleRequest(null, Object(Config\Cache), false)
 9 FCPATH\index.php(79): CodeIgniter\CodeIgniter->run()
10 SYSTEMPATH\Commands\Server\rewrite.php(47): require_once('C:\\xampp\\htdocs\\dashboard_statof\\public\\index.php')
CRITICAL - 2023-12-01 07:17:40 --> Invalid file: "table_angkaharapanhidup.php"
in SYSTEMPATH\Exceptions\FrameworkException.php on line 39.
 1 SYSTEMPATH\View\View.php(216): CodeIgniter\Exceptions\FrameworkException::forInvalidFile('table_angkaharapanhidup.php')
 2 SYSTEMPATH\Common.php(1190): CodeIgniter\View\View->render('table_angkaharapanhidup', [], true)
 3 APPPATH\Controllers\Home.php(44): view('table_angkaharapanhidup', [...])
 4 SYSTEMPATH\CodeIgniter.php(942): App\Controllers\Home->table_angkaharapanhidup()
 5 SYSTEMPATH\CodeIgniter.php(502): CodeIgniter\CodeIgniter->runController(Object(App\Controllers\Home))
 6 SYSTEMPATH\CodeIgniter.php(361): CodeIgniter\CodeIgniter->handleRequest(null, Object(Config\Cache), false)
 7 FCPATH\index.php(79): CodeIgniter\CodeIgniter->run()
 8 SYSTEMPATH\Commands\Server\rewrite.php(47): require_once('C:\\xampp\\htdocs\\dashboard_statof\\public\\index.php')
CRITICAL - 2023-12-01 07:44:32 --> Undefined variable $all_data_IndeksPembangunan
in APPPATH\Views\table_IPM.php on line 84.
 1 APPPATH\Views\table_IPM.php(84): CodeIgniter\Debug\Exceptions->errorHandler(2, 'Undefined variable $all_data_IndeksPembangunan', 'C:\\xampp\\htdocs\\dashboard_statof\\app\\Views\\table_IPM.php', 84)
 2 SYSTEMPATH\View\View.php(228): include('C:\\xampp\\htdocs\\dashboard_statof\\app\\Views\\table_IPM.php')
 3 SYSTEMPATH\View\View.php(231): CodeIgniter\View\View->CodeIgniter\View\{closure}()
 4 SYSTEMPATH\Common.php(1190): CodeIgniter\View\View->render('table_IPM', [], true)
 5 APPPATH\Controllers\Home.php(44): view('table_IPM', [...])
 6 SYSTEMPATH\CodeIgniter.php(942): App\Controllers\Home->table_IPM()
 7 SYSTEMPATH\CodeIgniter.php(502): CodeIgniter\CodeIgniter->runController(Object(App\Controllers\Home))
 8 SYSTEMPATH\CodeIgniter.php(361): CodeIgniter\CodeIgniter->handleRequest(null, Object(Config\Cache), false)
 9 FCPATH\index.php(79): CodeIgniter\CodeIgniter->run()
10 SYSTEMPATH\Commands\Server\rewrite.php(47): require_once('C:\\xampp\\htdocs\\dashboard_statof\\public\\index.php')
CRITICAL - 2023-12-01 09:31:25 --> Undefined variable $all_data_KepadatanPenduduk
in APPPATH\Views\table.php on line 87.
 1 APPPATH\Views\table.php(87): CodeIgniter\Debug\Exceptions->errorHandler(2, 'Undefined variable $all_data_KepadatanPenduduk', 'C:\\xampp\\htdocs\\dashboard_statof\\app\\Views\\table.php', 87)
 2 SYSTEMPATH\View\View.php(228): include('C:\\xampp\\htdocs\\dashboard_statof\\app\\Views\\table.php')
 3 SYSTEMPATH\View\View.php(231): CodeIgniter\View\View->CodeIgniter\View\{closure}()
 4 SYSTEMPATH\Common.php(1190): CodeIgniter\View\View->render('table', [], true)
 5 APPPATH\Controllers\Home.php(33): view('table', [...])
 6 SYSTEMPATH\CodeIgniter.php(942): App\Controllers\Home->table()
 7 SYSTEMPATH\CodeIgniter.php(502): CodeIgniter\CodeIgniter->runController(Object(App\Controllers\Home))
 8 SYSTEMPATH\CodeIgniter.php(361): CodeIgniter\CodeIgniter->handleRequest(null, Object(Config\Cache), false)
 9 FCPATH\index.php(79): CodeIgniter\CodeIgniter->run()
10 SYSTEMPATH\Commands\Server\rewrite.php(47): require_once('C:\\xampp\\htdocs\\dashboard_statof\\public\\index.php')
