CRITICAL - 2023-11-30 07:05:57 --> Undefined variable $jumlah_penduduk
in APPPATH\Views\table.php on line 61.
 1 APPPATH\Views\table.php(61): CodeIgniter\Debug\Exceptions->errorHandler(2, 'Undefined variable $jumlah_penduduk', 'C:\\xampp\\htdocs\\dashboard_statof\\app\\Views\\table.php', 61)
 2 SYSTEMPATH\View\View.php(228): include('C:\\xampp\\htdocs\\dashboard_statof\\app\\Views\\table.php')
 3 SYSTEMPATH\View\View.php(231): CodeIgniter\View\View->CodeIgniter\View\{closure}()
 4 SYSTEMPATH\Common.php(1190): CodeIgniter\View\View->render('table', [], true)
 5 APPPATH\Controllers\Home.php(22): view('table', [...])
 6 SYSTEMPATH\CodeIgniter.php(942): App\Controllers\Home->table()
 7 SYSTEMPATH\CodeIgniter.php(502): CodeIgniter\CodeIgniter->runController(Object(App\Controllers\Home))
 8 SYSTEMPATH\CodeIgniter.php(361): CodeIgniter\CodeIgniter->handleRequest(null, Object(Config\Cache), false)
 9 FCPATH\index.php(79): CodeIgniter\CodeIgniter->run()
10 SYSTEMPATH\Commands\Server\rewrite.php(47): require_once('C:\\xampp\\htdocs\\dashboard_statof\\public\\index.php')
CRITICAL - 2023-11-30 07:16:58 --> Class "App\Models\JumlahPenduduk" not found
in APPPATH\Controllers\Home.php on line 12.
 1 SYSTEMPATH\CodeIgniter.php(942): App\Controllers\Home->index()
 2 SYSTEMPATH\CodeIgniter.php(502): CodeIgniter\CodeIgniter->runController(Object(App\Controllers\Home))
 3 SYSTEMPATH\CodeIgniter.php(361): CodeIgniter\CodeIgniter->handleRequest(null, Object(Config\Cache), false)
 4 FCPATH\index.php(79): CodeIgniter\CodeIgniter->run()
 5 SYSTEMPATH\Commands\Server\rewrite.php(47): require_once('C:\\xampp\\htdocs\\dashboard_statof\\public\\index.php')
CRITICAL - 2023-11-30 07:17:38 --> Class "App\Models\JumlahPenduduk" not found
in APPPATH\Controllers\Home.php on line 12.
 1 SYSTEMPATH\CodeIgniter.php(942): App\Controllers\Home->index()
 2 SYSTEMPATH\CodeIgniter.php(502): CodeIgniter\CodeIgniter->runController(Object(App\Controllers\Home))
 3 SYSTEMPATH\CodeIgniter.php(361): CodeIgniter\CodeIgniter->handleRequest(null, Object(Config\Cache), false)
 4 FCPATH\index.php(79): CodeIgniter\CodeIgniter->run()
 5 SYSTEMPATH\Commands\Server\rewrite.php(47): require_once('C:\\xampp\\htdocs\\dashboard_statof\\public\\index.php')
CRITICAL - 2023-11-30 07:18:59 --> Class "App\Models\JumlahPenduduk" not found
in APPPATH\Controllers\Home.php on line 12.
 1 SYSTEMPATH\CodeIgniter.php(942): App\Controllers\Home->index()
 2 SYSTEMPATH\CodeIgniter.php(502): CodeIgniter\CodeIgniter->runController(Object(App\Controllers\Home))
 3 SYSTEMPATH\CodeIgniter.php(361): CodeIgniter\CodeIgniter->handleRequest(null, Object(Config\Cache), false)
 4 FCPATH\index.php(79): CodeIgniter\CodeIgniter->run()
 5 SYSTEMPATH\Commands\Server\rewrite.php(47): require_once('C:\\xampp\\htdocs\\dashboard_statof\\public\\index.php')
CRITICAL - 2023-11-30 07:20:05 --> Undefined variable $all_data_kepadatan
in APPPATH\Views\index.php on line 24.
 1 APPPATH\Views\index.php(24): CodeIgniter\Debug\Exceptions->errorHandler(2, 'Undefined variable $all_data_kepadatan', 'C:\\xampp\\htdocs\\dashboard_statof\\app\\Views\\index.php', 24)
 2 SYSTEMPATH\View\View.php(228): include('C:\\xampp\\htdocs\\dashboard_statof\\app\\Views\\index.php')
 3 SYSTEMPATH\View\View.php(231): CodeIgniter\View\View->CodeIgniter\View\{closure}()
 4 SYSTEMPATH\Common.php(1190): CodeIgniter\View\View->render('index', [], true)
 5 APPPATH\Controllers\Home.php(15): view('index', [...])
 6 SYSTEMPATH\CodeIgniter.php(942): App\Controllers\Home->index()
 7 SYSTEMPATH\CodeIgniter.php(502): CodeIgniter\CodeIgniter->runController(Object(App\Controllers\Home))
 8 SYSTEMPATH\CodeIgniter.php(361): CodeIgniter\CodeIgniter->handleRequest(null, Object(Config\Cache), false)
 9 FCPATH\index.php(79): CodeIgniter\CodeIgniter->run()
10 SYSTEMPATH\Commands\Server\rewrite.php(47): require_once('C:\\xampp\\htdocs\\dashboard_statof\\public\\index.php')
CRITICAL - 2023-11-30 07:30:18 --> Class "App\Models\KepadatanPenduduk" not found
in APPPATH\Controllers\Home.php on line 16.
 1 SYSTEMPATH\CodeIgniter.php(914): App\Controllers\Home->__construct()
 2 SYSTEMPATH\CodeIgniter.php(493): CodeIgniter\CodeIgniter->createController()
 3 SYSTEMPATH\CodeIgniter.php(361): CodeIgniter\CodeIgniter->handleRequest(null, Object(Config\Cache), false)
 4 FCPATH\index.php(79): CodeIgniter\CodeIgniter->run()
 5 SYSTEMPATH\Commands\Server\rewrite.php(47): require_once('C:\\xampp\\htdocs\\dashboard_statof\\public\\index.php')
CRITICAL - 2023-11-30 07:37:07 --> Undefined variable $all_data_kepadatan
in APPPATH\Views\table.php on line 52.
 1 APPPATH\Views\table.php(52): CodeIgniter\Debug\Exceptions->errorHandler(2, 'Undefined variable $all_data_kepadatan', 'C:\\xampp\\htdocs\\dashboard_statof\\app\\Views\\table.php', 52)
 2 SYSTEMPATH\View\View.php(228): include('C:\\xampp\\htdocs\\dashboard_statof\\app\\Views\\table.php')
 3 SYSTEMPATH\View\View.php(231): CodeIgniter\View\View->CodeIgniter\View\{closure}()
 4 SYSTEMPATH\Common.php(1190): CodeIgniter\View\View->render('table', [], true)
 5 APPPATH\Controllers\Home.php(23): view('table', [...])
 6 SYSTEMPATH\CodeIgniter.php(942): App\Controllers\Home->table()
 7 SYSTEMPATH\CodeIgniter.php(502): CodeIgniter\CodeIgniter->runController(Object(App\Controllers\Home))
 8 SYSTEMPATH\CodeIgniter.php(361): CodeIgniter\CodeIgniter->handleRequest(null, Object(Config\Cache), false)
 9 FCPATH\index.php(79): CodeIgniter\CodeIgniter->run()
10 SYSTEMPATH\Commands\Server\rewrite.php(47): require_once('C:\\xampp\\htdocs\\dashboard_statof\\public\\index.php')
CRITICAL - 2023-11-30 07:55:41 --> Undefined variable $all_data_KepadatanPenduduk
in APPPATH\Views\table_kepadatan.php on line 52.
 1 APPPATH\Views\table_kepadatan.php(52): CodeIgniter\Debug\Exceptions->errorHandler(2, 'Undefined variable $all_data_KepadatanPenduduk', 'C:\\xampp\\htdocs\\dashboard_statof\\app\\Views\\table_kepadatan.php', 52)
 2 SYSTEMPATH\View\View.php(228): include('C:\\xampp\\htdocs\\dashboard_statof\\app\\Views\\table_kepadatan.php')
 3 SYSTEMPATH\View\View.php(231): CodeIgniter\View\View->CodeIgniter\View\{closure}()
 4 SYSTEMPATH\Common.php(1190): CodeIgniter\View\View->render('table_kepadatan', [], true)
 5 APPPATH\Controllers\Home.php(30): view('table_kepadatan', [...])
 6 SYSTEMPATH\CodeIgniter.php(942): App\Controllers\Home->table_kepadatan()
 7 SYSTEMPATH\CodeIgniter.php(502): CodeIgniter\CodeIgniter->runController(Object(App\Controllers\Home))
 8 SYSTEMPATH\CodeIgniter.php(361): CodeIgniter\CodeIgniter->handleRequest(null, Object(Config\Cache), false)
 9 FCPATH\index.php(79): CodeIgniter\CodeIgniter->run()
10 SYSTEMPATH\Commands\Server\rewrite.php(47): require_once('C:\\xampp\\htdocs\\dashboard_statof\\public\\index.php')
CRITICAL - 2023-11-30 07:57:24 --> Undefined variable $all_data_KepadatanPenduduk
in APPPATH\Views\table_kepadatan.php on line 52.
 1 APPPATH\Views\table_kepadatan.php(52): CodeIgniter\Debug\Exceptions->errorHandler(2, 'Undefined variable $all_data_KepadatanPenduduk', 'C:\\xampp\\htdocs\\dashboard_statof\\app\\Views\\table_kepadatan.php', 52)
 2 SYSTEMPATH\View\View.php(228): include('C:\\xampp\\htdocs\\dashboard_statof\\app\\Views\\table_kepadatan.php')
 3 SYSTEMPATH\View\View.php(231): CodeIgniter\View\View->CodeIgniter\View\{closure}()
 4 SYSTEMPATH\Common.php(1190): CodeIgniter\View\View->render('table_kepadatan', [], true)
 5 APPPATH\Controllers\Home.php(30): view('table_kepadatan', [...])
 6 SYSTEMPATH\CodeIgniter.php(942): App\Controllers\Home->table_kepadatan()
 7 SYSTEMPATH\CodeIgniter.php(502): CodeIgniter\CodeIgniter->runController(Object(App\Controllers\Home))
 8 SYSTEMPATH\CodeIgniter.php(361): CodeIgniter\CodeIgniter->handleRequest(null, Object(Config\Cache), false)
 9 FCPATH\index.php(79): CodeIgniter\CodeIgniter->run()
10 SYSTEMPATH\Commands\Server\rewrite.php(47): require_once('C:\\xampp\\htdocs\\dashboard_statof\\public\\index.php')
CRITICAL - 2023-11-30 07:57:33 --> Undefined variable $all_data_KepadatanPenduduk
in APPPATH\Views\table_kepadatan.php on line 52.
 1 APPPATH\Views\table_kepadatan.php(52): CodeIgniter\Debug\Exceptions->errorHandler(2, 'Undefined variable $all_data_KepadatanPenduduk', 'C:\\xampp\\htdocs\\dashboard_statof\\app\\Views\\table_kepadatan.php', 52)
 2 SYSTEMPATH\View\View.php(228): include('C:\\xampp\\htdocs\\dashboard_statof\\app\\Views\\table_kepadatan.php')
 3 SYSTEMPATH\View\View.php(231): CodeIgniter\View\View->CodeIgniter\View\{closure}()
 4 SYSTEMPATH\Common.php(1190): CodeIgniter\View\View->render('table_kepadatan', [], true)
 5 APPPATH\Controllers\Home.php(30): view('table_kepadatan', [...])
 6 SYSTEMPATH\CodeIgniter.php(942): App\Controllers\Home->table_kepadatan()
 7 SYSTEMPATH\CodeIgniter.php(502): CodeIgniter\CodeIgniter->runController(Object(App\Controllers\Home))
 8 SYSTEMPATH\CodeIgniter.php(361): CodeIgniter\CodeIgniter->handleRequest(null, Object(Config\Cache), false)
 9 FCPATH\index.php(79): CodeIgniter\CodeIgniter->run()
10 SYSTEMPATH\Commands\Server\rewrite.php(47): require_once('C:\\xampp\\htdocs\\dashboard_statof\\public\\index.php')
CRITICAL - 2023-11-30 07:59:31 --> Undefined property: stdClass::$kepadatan
in APPPATH\Views\table_kepadatan.php on line 55.
 1 APPPATH\Views\table_kepadatan.php(55): CodeIgniter\Debug\Exceptions->errorHandler(2, 'Undefined property: stdClass::$kepadatan', 'C:\\xampp\\htdocs\\dashboard_statof\\app\\Views\\table_kepadatan.php', 55)
 2 SYSTEMPATH\View\View.php(228): include('C:\\xampp\\htdocs\\dashboard_statof\\app\\Views\\table_kepadatan.php')
 3 SYSTEMPATH\View\View.php(231): CodeIgniter\View\View->CodeIgniter\View\{closure}()
 4 SYSTEMPATH\Common.php(1190): CodeIgniter\View\View->render('table_kepadatan', [], true)
 5 APPPATH\Controllers\Home.php(30): view('table_kepadatan', [...])
 6 SYSTEMPATH\CodeIgniter.php(942): App\Controllers\Home->table_kepadatan()
 7 SYSTEMPATH\CodeIgniter.php(502): CodeIgniter\CodeIgniter->runController(Object(App\Controllers\Home))
 8 SYSTEMPATH\CodeIgniter.php(361): CodeIgniter\CodeIgniter->handleRequest(null, Object(Config\Cache), false)
 9 FCPATH\index.php(79): CodeIgniter\CodeIgniter->run()
10 SYSTEMPATH\Commands\Server\rewrite.php(47): require_once('C:\\xampp\\htdocs\\dashboard_statof\\public\\index.php')
CRITICAL - 2023-11-30 08:01:24 --> Undefined property: stdClass::$kepadatan
in APPPATH\Views\table_kepadatan.php on line 55.
 1 APPPATH\Views\table_kepadatan.php(55): CodeIgniter\Debug\Exceptions->errorHandler(2, 'Undefined property: stdClass::$kepadatan', 'C:\\xampp\\htdocs\\dashboard_statof\\app\\Views\\table_kepadatan.php', 55)
 2 SYSTEMPATH\View\View.php(228): include('C:\\xampp\\htdocs\\dashboard_statof\\app\\Views\\table_kepadatan.php')
 3 SYSTEMPATH\View\View.php(231): CodeIgniter\View\View->CodeIgniter\View\{closure}()
 4 SYSTEMPATH\Common.php(1190): CodeIgniter\View\View->render('table_kepadatan', [], true)
 5 APPPATH\Controllers\Home.php(30): view('table_kepadatan', [...])
 6 SYSTEMPATH\CodeIgniter.php(942): App\Controllers\Home->table_kepadatan()
 7 SYSTEMPATH\CodeIgniter.php(502): CodeIgniter\CodeIgniter->runController(Object(App\Controllers\Home))
 8 SYSTEMPATH\CodeIgniter.php(361): CodeIgniter\CodeIgniter->handleRequest(null, Object(Config\Cache), false)
 9 FCPATH\index.php(79): CodeIgniter\CodeIgniter->run()
10 SYSTEMPATH\Commands\Server\rewrite.php(47): require_once('C:\\xampp\\htdocs\\dashboard_statof\\public\\index.php')
CRITICAL - 2023-11-30 10:28:06 --> Undefined variable $all_data_KepadatanPenduduk
in APPPATH\Views\index.php on line 97.
 1 APPPATH\Views\index.php(97): CodeIgniter\Debug\Exceptions->errorHandler(2, 'Undefined variable $all_data_KepadatanPenduduk', 'C:\\xampp\\htdocs\\dashboard_statof\\app\\Views\\index.php', 97)
 2 SYSTEMPATH\View\View.php(228): include('C:\\xampp\\htdocs\\dashboard_statof\\app\\Views\\index.php')
 3 SYSTEMPATH\View\View.php(231): CodeIgniter\View\View->CodeIgniter\View\{closure}()
 4 SYSTEMPATH\Common.php(1190): CodeIgniter\View\View->render('index', [], true)
 5 APPPATH\Controllers\Home.php(15): view('index', [...])
 6 SYSTEMPATH\CodeIgniter.php(942): App\Controllers\Home->index()
 7 SYSTEMPATH\CodeIgniter.php(502): CodeIgniter\CodeIgniter->runController(Object(App\Controllers\Home))
 8 SYSTEMPATH\CodeIgniter.php(361): CodeIgniter\CodeIgniter->handleRequest(null, Object(Config\Cache), false)
 9 FCPATH\index.php(79): CodeIgniter\CodeIgniter->run()
10 SYSTEMPATH\Commands\Server\rewrite.php(47): require_once('C:\\xampp\\htdocs\\dashboard_statof\\public\\index.php')
